<?xml version="1.0" encoding="UTF-8"?>
<!-- Generated by org.testng.reporters.JUnitXMLReporter -->
<testsuite ignored="4" hostname="Shajith-Lenovo" failures="0" tests="3" name="Test" time="38.057" errors="0" timestamp="2025-04-05T12:42:43 IST">
  <testcase classname="tests.SignUpTestCase" name="signup" time="32.851"/>
  <testcase classname="tests.OrderPlacementTestcases" name="placeOrder" time="3.863"/>
  <testcase classname="tests.LogOutTestCase" name="logout" time="1.283"/>
  <testcase classname="tests.Baseclass" name="@BeforeSuite setup" time="0.0">
    <ignored/>
  </testcase> <!-- @BeforeSuite setup -->
  <testcase classname="tests.Baseclass" name="@AfterSuite teardown" time="0.0">
    <ignored/>
  </testcase> <!-- @AfterSuite teardown -->
  <testcase classname="tests.Baseclass" name="@AfterSuite teardown" time="0.0">
    <ignored/>
  </testcase> <!-- @AfterSuite teardown -->
  <testcase classname="tests.Baseclass" name="@BeforeSuite setup" time="0.0">
    <ignored/>
  </testcase> <!-- @BeforeSuite setup -->
</testsuite> <!-- Test -->
