<?xml version="1.0" encoding="UTF-8"?>
<!-- Generated by org.testng.reporters.JUnitXMLReporter -->
<testsuite ignored="2" hostname="Shajith-Lenovo" failures="0" tests="2" name="Test" time="122.564" errors="0" timestamp="2025-03-22T15:21:54 IST">
  <testcase classname="tests.SignUpTestCase" name="signup" time="66.99"/>
  <testcase classname="tests.OrderPlacementTestcases" name="placeOrder" time="55.441"/>
  <testcase classname="tests.Baseclass" name="@BeforeSuite setup" time="0.0">
    <ignored/>
  </testcase> <!-- @BeforeSuite setup -->
  <testcase classname="tests.Baseclass" name="@AfterSuite teardown" time="0.0">
    <ignored/>
  </testcase> <!-- @AfterSuite teardown -->
</testsuite> <!-- Test -->
