<?xml version="1.0" encoding="UTF-8"?>
<testng-results ignored="4" total="7" passed="3" failed="0" skipped="0">
  <reporter-output>
  </reporter-output>
  <suite started-at="2025-04-05T12:42:05 IST" name="Suite" finished-at="2025-04-05T12:42:43 IST" duration-ms="38057">
    <groups>
    </groups>
    <test started-at="2025-04-05T12:42:05 IST" name="Test" finished-at="2025-04-05T12:42:43 IST" duration-ms="38057">
      <class name="tests.SignUpTestCase">
        <test-method is-config="true" signature="setup()[pri:0, instance:tests.SignUpTestCase@76505305]" started-at="2025-04-05T12:41:59 IST" name="setup" finished-at="2025-04-05T12:42:05 IST" duration-ms="5460" status="PASS">
          <reporter-output>
          </reporter-output>
        </test-method> <!-- setup -->
        <test-method signature="signup()[pri:0, instance:tests.SignUpTestCase@76505305]" started-at="2025-04-05T12:42:05 IST" name="signup" finished-at="2025-04-05T12:42:37 IST" duration-ms="32851" status="PASS">
          <reporter-output>
          </reporter-output>
        </test-method> <!-- signup -->
        <test-method is-config="true" signature="teardown()[pri:0, instance:tests.SignUpTestCase@76505305]" started-at="2025-04-05T12:42:43 IST" name="teardown" finished-at="2025-04-05T12:42:44 IST" duration-ms="1714" status="PASS">
          <reporter-output>
          </reporter-output>
        </test-method> <!-- teardown -->
      </class> <!-- tests.SignUpTestCase -->
      <class name="tests.OrderPlacementTestcases">
        <test-method signature="placeOrder()[pri:0, instance:tests.OrderPlacementTestcases@65fb9ffc]" started-at="2025-04-05T12:42:37 IST" name="placeOrder" finished-at="2025-04-05T12:42:41 IST" duration-ms="3863" status="PASS">
          <reporter-output>
          </reporter-output>
        </test-method> <!-- placeOrder -->
      </class> <!-- tests.OrderPlacementTestcases -->
      <class name="tests.LogOutTestCase">
        <test-method signature="logout()[pri:0, instance:tests.LogOutTestCase@3e694b3f]" started-at="2025-04-05T12:42:41 IST" name="logout" finished-at="2025-04-05T12:42:43 IST" duration-ms="1283" status="PASS">
          <reporter-output>
          </reporter-output>
        </test-method> <!-- logout -->
      </class> <!-- tests.LogOutTestCase -->
    </test> <!-- Test -->
  </suite> <!-- Suite -->
</testng-results>
