<?xml version="1.0" encoding="UTF-8"?>
<testng-results ignored="2" total="4" passed="2" failed="0" skipped="0">
  <reporter-output>
  </reporter-output>
  <suite started-at="2025-03-22T15:19:51 IST" name="Suite" finished-at="2025-03-22T15:21:54 IST" duration-ms="122564">
    <groups>
    </groups>
    <test started-at="2025-03-22T15:19:51 IST" name="Test" finished-at="2025-03-22T15:21:54 IST" duration-ms="122564">
      <class name="tests.SignUpTestCase">
        <test-method is-config="true" signature="setup()[pri:0, instance:tests.SignUpTestCase@62ddbd7e]" started-at="2025-03-22T15:19:41 IST" name="setup" finished-at="2025-03-22T15:19:51 IST" duration-ms="10744" status="PASS">
          <reporter-output>
          </reporter-output>
        </test-method> <!-- setup -->
        <test-method signature="signup()[pri:0, instance:tests.SignUpTestCase@62ddbd7e]" started-at="2025-03-22T15:19:51 IST" name="signup" finished-at="2025-03-22T15:20:58 IST" duration-ms="66990" status="PASS">
          <reporter-output>
          </reporter-output>
        </test-method> <!-- signup -->
        <test-method is-config="true" signature="teardown()[pri:0, instance:tests.SignUpTestCase@62ddbd7e]" started-at="2025-03-22T15:21:54 IST" name="teardown" finished-at="2025-03-22T15:21:55 IST" duration-ms="1066" status="PASS">
          <reporter-output>
          </reporter-output>
        </test-method> <!-- teardown -->
      </class> <!-- tests.SignUpTestCase -->
      <class name="tests.OrderPlacementTestcases">
        <test-method signature="placeOrder()[pri:0, instance:tests.OrderPlacementTestcases@3c9754d8]" started-at="2025-03-22T15:20:58 IST" name="placeOrder" finished-at="2025-03-22T15:21:54 IST" duration-ms="55441" status="PASS">
          <reporter-output>
          </reporter-output>
        </test-method> <!-- placeOrder -->
      </class> <!-- tests.OrderPlacementTestcases -->
    </test> <!-- Test -->
  </suite> <!-- Suite -->
</testng-results>
